2023-04-18 20:45:20 INFO  Log:14 - **
2023-04-18 20:45:20 INFO  Log:15 - **
2023-04-18 20:45:20 INFO  Log:16 - **This is the beginning of my Test case**
2023-04-18 20:45:20 INFO  Log:29 - My test case is executing right now
2023-04-18 20:45:20 INFO  Log:34 - My test case might have some trivial issues
2023-04-18 20:46:40 INFO  Log:29 - This test case is about to get completed
2023-04-18 20:46:40 INFO  Log:22 - ######################################
2023-04-18 20:46:40 INFO  Log:23 - ######################################
2023-04-18 20:46:40 INFO  Log:24 - #################This test case is finished#####################
2023-04-18 21:56:13 INFO  Log:14 - **
2023-04-18 21:56:13 INFO  Log:15 - **
2023-04-18 21:56:13 INFO  Log:16 - **This is the beginning of my Test case**
2023-04-18 21:56:13 INFO  Log:30 - My test case is executing right now
2023-04-18 21:56:13 INFO  Log:35 - My test case might have some trivial issues
2023-04-18 21:56:23 INFO  Log:30 - This test case is about to get completed
2023-04-18 21:56:23 INFO  Log:23 - ######################################
2023-04-18 21:56:23 INFO  Log:24 - ######################################
2023-04-18 21:56:23 INFO  Log:25 - #################This test case is finished#####################
2023-05-13 12:28:55 INFO  Log:14 - **
2023-05-13 12:28:55 INFO  Log:15 - **
2023-05-13 12:28:55 INFO  Log:16 - **This is the beginning of my Test case**
2023-05-13 12:28:55 INFO  Log:30 - My test case is executing right now
2023-05-13 12:28:55 INFO  Log:35 - My test case might have some trivial issues
2023-05-13 12:28:56 INFO  Log:30 - This test case is about to get completed
2023-05-13 12:28:56 INFO  Log:23 - ######################################
2023-05-13 12:28:56 INFO  Log:24 - ######################################
2023-05-13 12:28:56 INFO  Log:25 - #################This test case is finished#####################
2023-05-13 12:42:30 INFO  Log:14 - **
2023-05-13 12:42:30 INFO  Log:15 - **
2023-05-13 12:42:30 INFO  Log:16 - **This is the beginning of my Test case**
2023-05-13 12:42:30 INFO  Log:30 - My test case is executing right now
2023-05-13 12:42:30 INFO  Log:35 - My test case might have some trivial issues
2023-05-13 12:42:32 INFO  Log:30 - This test case is about to get completed
2023-05-13 12:42:32 INFO  Log:23 - ######################################
2023-05-13 12:42:32 INFO  Log:24 - ######################################
2023-05-13 12:42:32 INFO  Log:25 - #################This test case is finished#####################
2023-05-13 13:02:16 INFO  Log:17 - *****************************
2023-05-13 13:02:16 INFO  Log:18 - *****************************
2023-05-13 13:02:16 INFO  Log:19 - ********This is the beginning of my Test case**********
2023-05-13 13:02:16 INFO  Log:32 - My test case is executing right now
2023-05-13 13:02:16 INFO  Log:37 - My test case might have some trivial issues
2023-05-13 13:02:24 INFO  Log:32 - This test case is about to get completed
2023-05-13 13:02:24 INFO  Log:25 - ######################################
2023-05-13 13:02:24 INFO  Log:26 - ######################################
2023-05-13 13:02:24 INFO  Log:27 - #################This test case is finished#####################
2023-05-24 21:14:05 INFO  Log:17 - *****************************
2023-05-24 21:14:05 INFO  Log:18 - *****************************
2023-05-24 21:14:05 INFO  Log:19 - ********This is the beginning of my Test case**********
2023-05-24 21:14:05 INFO  Log:32 - My test case is executing right now
2023-05-24 21:14:05 INFO  Log:37 - My test case might have some trivial issues
2023-05-24 21:14:05 INFO  Log:32 - This test case is about to get completed
2023-05-24 21:14:05 INFO  Log:25 - ######################################
2023-05-24 21:14:05 INFO  Log:26 - ######################################
2023-05-24 21:14:05 INFO  Log:27 - #################This test case is finished#####################
2023-05-27 11:00:34 INFO  Log:17 - *****************************
2023-05-27 11:00:34 INFO  Log:18 - *****************************
2023-05-27 11:00:34 INFO  Log:19 - ********This is the beginning of my Test case**********
2023-05-27 11:00:34 INFO  Log:32 - My test case is executing right now
2023-05-27 11:00:34 INFO  Log:37 - My test case might have some trivial issues
2023-05-27 11:00:34 INFO  Log:32 - This test case is about to get completed
2023-05-27 11:00:34 INFO  Log:25 - ######################################
2023-05-27 11:00:34 INFO  Log:26 - ######################################
2023-05-27 11:00:34 INFO  Log:27 - #################This test case is finished#####################
2023-05-27 11:05:05 INFO  Log:17 - *****************************
2023-05-27 11:05:05 INFO  Log:18 - *****************************
2023-05-27 11:05:05 INFO  Log:19 - ********This is the beginning of my Test case**********
2023-05-27 11:05:05 INFO  Log:32 - My test case is executing right now
2023-05-27 11:05:05 INFO  Log:37 - My test case might have some trivial issues
2023-05-27 11:05:06 INFO  Log:32 - This test case is about to get completed
2023-05-27 11:05:06 INFO  Log:25 - ######################################
2023-05-27 11:05:06 INFO  Log:26 - ######################################
2023-05-27 11:05:06 INFO  Log:27 - #################This test case is finished#####################
2023-05-27 11:05:45 INFO  Log:17 - *****************************
2023-05-27 11:05:45 INFO  Log:18 - *****************************
2023-05-27 11:05:45 INFO  Log:19 - ********This is the beginning of my Test case**********
2023-05-27 11:05:45 INFO  Log:32 - My test case is executing right now
2023-05-27 11:05:45 INFO  Log:37 - My test case might have some trivial issues
2023-05-27 11:05:45 INFO  Log:32 - This test case is about to get completed
2023-05-27 11:05:45 INFO  Log:25 - ######################################
2023-05-27 11:05:45 INFO  Log:26 - ######################################
2023-05-27 11:05:45 INFO  Log:27 - #################This test case is finished#####################
2023-05-27 11:06:07 INFO  Log:17 - *****************************
2023-05-27 11:06:07 INFO  Log:18 - *****************************
2023-05-27 11:06:07 INFO  Log:19 - ********This is the beginning of my Test case**********
2023-05-27 11:06:07 INFO  Log:32 - My test case is executing right now
2023-05-27 11:06:07 INFO  Log:37 - My test case might have some trivial issues
2023-05-27 11:06:11 INFO  Log:32 - This test case is about to get completed
2023-05-27 11:06:11 INFO  Log:25 - ######################################
2023-05-27 11:06:11 INFO  Log:26 - ######################################
2023-05-27 11:06:11 INFO  Log:27 - #################This test case is finished#####################
2023-05-27 11:06:57 INFO  Log:17 - *****************************
2023-05-27 11:06:57 INFO  Log:18 - *****************************
2023-05-27 11:06:57 INFO  Log:19 - ********This is the beginning of my Test case**********
2023-05-27 11:06:57 INFO  Log:32 - My test case is executing right now
2023-05-27 11:06:57 INFO  Log:37 - My test case might have some trivial issues
2023-05-27 11:06:57 INFO  Log:32 - This test case is about to get completed
2023-05-27 11:06:57 INFO  Log:25 - ######################################
2023-05-27 11:06:57 INFO  Log:26 - ######################################
2023-05-27 11:06:57 INFO  Log:27 - #################This test case is finished#####################
2023-05-27 11:07:51 INFO  Log:17 - *****************************
2023-05-27 11:07:51 INFO  Log:18 - *****************************
2023-05-27 11:07:51 INFO  Log:19 - ********This is the beginning of my Test case**********
2023-05-27 11:07:51 INFO  Log:32 - My test case is executing right now
2023-05-27 11:07:51 INFO  Log:37 - My test case might have some trivial issues
2023-05-27 11:07:52 INFO  Log:32 - This test case is about to get completed
2023-05-27 11:07:52 INFO  Log:25 - ######################################
2023-05-27 11:07:52 INFO  Log:26 - ######################################
2023-05-27 11:07:52 INFO  Log:27 - #################This test case is finished#####################
2023-05-27 11:27:02 INFO  Log:17 - *****************************
2023-05-27 11:27:02 INFO  Log:18 - *****************************
2023-05-27 11:27:02 INFO  Log:19 - ********This is the beginning of my Test case**********
2023-05-27 11:27:02 INFO  Log:32 - My test case is executing right now
2023-05-27 11:27:02 INFO  Log:37 - My test case might have some trivial issues
2023-05-27 11:27:03 INFO  Log:32 - This test case is about to get completed
2023-05-27 11:27:03 INFO  Log:25 - ######################################
2023-05-27 11:27:03 INFO  Log:26 - ######################################
2023-05-27 11:27:03 INFO  Log:27 - #################This test case is finished#####################
2023-05-27 11:30:28 INFO  Log:17 - *****************************
2023-05-27 11:30:28 INFO  Log:18 - *****************************
2023-05-27 11:30:28 INFO  Log:19 - ********This is the beginning of my Test case**********
2023-05-27 11:30:28 INFO  Log:32 - My test case is executing right now
2023-05-27 11:30:28 INFO  Log:37 - My test case might have some trivial issues
2023-05-27 11:30:29 INFO  Log:32 - This test case is about to get completed
2023-05-27 11:30:29 INFO  Log:25 - ######################################
2023-05-27 11:30:29 INFO  Log:26 - ######################################
2023-05-27 11:30:29 INFO  Log:27 - #################This test case is finished#####################
2023-05-27 12:46:25 INFO  Log:17 - *****************************
2023-05-27 12:46:25 INFO  Log:18 - *****************************
2023-05-27 12:46:25 INFO  Log:19 - ********This is the beginning of my Test case**********
2023-05-27 12:46:25 INFO  Log:32 - My test case is executing right now
2023-05-27 12:46:25 INFO  Log:37 - My test case might have some trivial issues
2023-05-27 12:46:25 INFO  Log:32 - This test case is about to get completed
2023-05-27 12:46:25 INFO  Log:25 - ######################################
2023-05-27 12:46:25 INFO  Log:26 - ######################################
2023-05-27 12:46:25 INFO  Log:27 - #################This test case is finished#####################
2023-05-27 12:46:34 INFO  Log:17 - *****************************
2023-05-27 12:46:34 INFO  Log:18 - *****************************
2023-05-27 12:46:34 INFO  Log:19 - ********This is the beginning of my Test case**********
2023-05-27 12:46:34 INFO  Log:32 - My test case is executing right now
2023-05-27 12:46:34 INFO  Log:37 - My test case might have some trivial issues
2023-05-27 12:46:34 INFO  Log:32 - This test case is about to get completed
2023-05-27 12:46:34 INFO  Log:25 - ######################################
2023-05-27 12:46:34 INFO  Log:26 - ######################################
2023-05-27 12:46:34 INFO  Log:27 - #################This test case is finished#####################
2023-05-27 12:48:57 INFO  Log:17 - *****************************
2023-05-27 12:48:57 INFO  Log:18 - *****************************
2023-05-27 12:48:57 INFO  Log:19 - ********This is the beginning of my Test case**********
2023-05-27 12:48:57 INFO  Log:32 - My test case is executing right now
2023-05-27 12:48:57 INFO  Log:37 - My test case might have some trivial issues
2023-05-27 12:48:57 INFO  Log:32 - This test case is about to get completed
2023-05-27 12:48:57 INFO  Log:25 - ######################################
2023-05-27 12:48:57 INFO  Log:26 - ######################################
2023-05-27 12:48:57 INFO  Log:27 - #################This test case is finished#####################
2023-05-27 12:49:06 INFO  Log:17 - *****************************
2023-05-27 12:49:06 INFO  Log:18 - *****************************
2023-05-27 12:49:06 INFO  Log:19 - ********This is the beginning of my Test case**********
2023-05-27 12:49:06 INFO  Log:32 - My test case is executing right now
2023-05-27 12:49:06 INFO  Log:37 - My test case might have some trivial issues
2023-05-27 12:49:07 INFO  Log:32 - This test case is about to get completed
2023-05-27 12:49:07 INFO  Log:25 - ######################################
2023-05-27 12:49:07 INFO  Log:26 - ######################################
2023-05-27 12:49:07 INFO  Log:27 - #################This test case is finished#####################
2023-05-27 12:49:53 INFO  Log:17 - *****************************
2023-05-27 12:49:53 INFO  Log:18 - *****************************
2023-05-27 12:49:53 INFO  Log:19 - ********This is the beginning of my Test case**********
2023-05-27 12:49:53 INFO  Log:32 - My test case is executing right now
2023-05-27 12:49:53 INFO  Log:37 - My test case might have some trivial issues
2023-05-27 12:49:53 INFO  Log:32 - This test case is about to get completed
2023-05-27 12:49:53 INFO  Log:25 - ######################################
2023-05-27 12:49:53 INFO  Log:26 - ######################################
2023-05-27 12:49:53 INFO  Log:27 - #################This test case is finished#####################
2023-05-27 12:50:01 INFO  Log:17 - *****************************
2023-05-27 12:50:01 INFO  Log:18 - *****************************
2023-05-27 12:50:01 INFO  Log:19 - ********This is the beginning of my Test case**********
2023-05-27 12:50:01 INFO  Log:32 - My test case is executing right now
2023-05-27 12:50:01 INFO  Log:37 - My test case might have some trivial issues
2023-05-27 12:50:02 INFO  Log:32 - This test case is about to get completed
2023-05-27 12:50:02 INFO  Log:25 - ######################################
2023-05-27 12:50:02 INFO  Log:26 - ######################################
2023-05-27 12:50:02 INFO  Log:27 - #################This test case is finished#####################
2023-05-28 11:06:14 INFO  Log:17 - *****************************
2023-05-28 11:06:14 INFO  Log:18 - *****************************
2023-05-28 11:06:14 INFO  Log:19 - ********This is the beginning of my Test case**********
2023-05-28 11:06:14 INFO  Log:32 - My test case is executing right now
2023-05-28 11:06:14 INFO  Log:37 - My test case might have some trivial issues
2023-05-28 11:06:14 INFO  Log:32 - This test case is about to get completed
2023-05-28 11:06:14 INFO  Log:25 - ######################################
2023-05-28 11:06:14 INFO  Log:26 - ######################################
2023-05-28 11:06:14 INFO  Log:27 - #################This test case is finished#####################
2023-05-28 11:06:23 INFO  Log:17 - *****************************
2023-05-28 11:06:23 INFO  Log:18 - *****************************
2023-05-28 11:06:23 INFO  Log:19 - ********This is the beginning of my Test case**********
2023-05-28 11:06:23 INFO  Log:32 - My test case is executing right now
2023-05-28 11:06:23 INFO  Log:37 - My test case might have some trivial issues
2023-05-28 11:06:23 INFO  Log:32 - This test case is about to get completed
2023-05-28 11:06:23 INFO  Log:25 - ######################################
2023-05-28 11:06:23 INFO  Log:26 - ######################################
2023-05-28 11:06:23 INFO  Log:27 - #################This test case is finished#####################
2023-05-28 11:06:27 INFO  Log:17 - *****************************
2023-05-28 11:06:27 INFO  Log:18 - *****************************
2023-05-28 11:06:27 INFO  Log:19 - ********This is the beginning of my Test case**********
2023-05-28 11:06:27 INFO  Log:32 - My test case is executing right now
2023-05-28 11:06:27 INFO  Log:37 - My test case might have some trivial issues
2023-05-30 21:33:45 INFO  Log:17 - *****************************
2023-05-30 21:33:45 INFO  Log:18 - *****************************
2023-05-30 21:33:45 INFO  Log:19 - ********This is the beginning of my Test case**********
2023-05-30 21:33:45 INFO  Log:32 - My test case is executing right now
2023-05-30 21:33:45 INFO  Log:37 - My test case might have some trivial issues
2023-05-30 21:34:31 INFO  Log:17 - *****************************
2023-05-30 21:34:31 INFO  Log:18 - *****************************
2023-05-30 21:34:31 INFO  Log:19 - ********This is the beginning of my Test case**********
2023-05-30 21:34:31 INFO  Log:32 - My test case is executing right now
2023-05-30 21:34:31 INFO  Log:37 - My test case might have some trivial issues
2023-05-30 21:34:51 INFO  Log:32 - This test case is about to get completed
2023-05-30 21:34:51 INFO  Log:25 - ######################################
2023-05-30 21:34:51 INFO  Log:26 - ######################################
2023-05-30 21:34:51 INFO  Log:27 - #################This test case is finished#####################
2023-05-30 21:35:00 INFO  Log:17 - *****************************
2023-05-30 21:35:00 INFO  Log:18 - *****************************
2023-05-30 21:35:00 INFO  Log:19 - ********This is the beginning of my Test case**********
2023-05-30 21:35:00 INFO  Log:32 - My test case is executing right now
2023-05-30 21:35:00 INFO  Log:37 - My test case might have some trivial issues
2023-05-30 21:35:04 INFO  Log:32 - This test case is about to get completed
2023-05-30 21:35:04 INFO  Log:25 - ######################################
2023-05-30 21:35:04 INFO  Log:26 - ######################################
2023-05-30 21:35:04 INFO  Log:27 - #################This test case is finished#####################
